Base path: /Applications/Unity/Unity.app/Contents
Cmd: initializeCompiler
Cmd: compileComputeKernel
  api=14 insize=1435 outsize=6521 ok=1
Cmd: translateComputeKernel
  api=14 insize=7537 outsize=3193 ok=1
Cmd: compileComputeKernel
  api=4 insize=3273 outsize=593 ok=1
Cmd: compileComputeKernel
  api=14 insize=3273 outsize=7989 ok=1
Cmd: compileComputeKernel
  api=14 insize=3273 outsize=6617 ok=1
Cmd: translateComputeKernel
  api=14 insize=7169 outsize=3577 ok=1
Cmd: translateComputeKernel
  api=14 insize=6689 outsize=1561 ok=1
Cmd: compileComputeKernel
  api=4 insize=1526 outsize=349 ok=1
Cmd: compileComputeKernel
  api=4 insize=2343 outsize=1341 ok=1
Unhandled exception: Protocol error - failed to read correct magic number

Quitting shader compiler process
